DEBUG:root:The path returns True in exists_path function for the links path.
DEBUG:root:The path returns True in exists_path function for the links path.
DEBUG:urllib3.connectionpool:Starting new HTTPS connection (1): globoesporte.globo.com:443
DEBUG:urllib3.connectionpool:https://globoesporte.globo.com:443 "GET /futebol/times/sao-paulo/index/feed/pagina-1.ghtml HTTP/1.1" 301 178
DEBUG:urllib3.util.retry:Incremented Retry for (url='https://globoesporte.globo.com/futebol/times/sao-paulo/index/feed/pagina-1.ghtml'): Retry(total=2, connect=None, read=None, redirect=None, status=None)
INFO:urllib3.poolmanager:Redirecting https://globoesporte.globo.com/futebol/times/sao-paulo/index/feed/pagina-1.ghtml -> https://globoesporte.globo.com/futebol/times/sao-paulo/
DEBUG:urllib3.connectionpool:https://globoesporte.globo.com:443 "GET /futebol/times/sao-paulo/ HTTP/1.1" 200 None
DEBUG:urllib3.connectionpool:https://globoesporte.globo.com:443 "GET /futebol/times/sao-paulo/noticia/sao-paulo-pretende-renovar-o-contrato-de-rojas-para-dar-tempo-de-o-atacante-mostrar-servico.ghtml HTTP/1.1" 200 None
DEBUG:root:Crawled 6 links.
DEBUG:urllib3.connectionpool:Starting new HTTPS connection (1): globoesporte.globo.com:443
DEBUG:urllib3.connectionpool:https://globoesporte.globo.com:443 "GET /futebol/times/sao-paulo/noticia/sao-paulo-pretende-renovar-o-contrato-de-rojas-para-dar-tempo-de-o-atacante-mostrar-servico.ghtml HTTP/1.1" 200 None
DEBUG:urllib3.connectionpool:Starting new HTTPS connection (1): globoesporte.globo.com:443
DEBUG:urllib3.connectionpool:https://globoesporte.globo.com:443 "GET /futebol/times/sao-paulo/noticia/sao-paulo-pretende-renovar-o-contrato-de-rojas-para-dar-tempo-de-o-atacante-mostrar-servico.ghtml HTTP/1.1" 200 None
DEBUG:urllib3.connectionpool:Starting new HTTPS connection (1): globoesporte.globo.com:443
DEBUG:urllib3.connectionpool:https://globoesporte.globo.com:443 "GET /futebol/times/sao-paulo/index/feed/pagina-2.ghtml HTTP/1.1" 200 None
DEBUG:urllib3.connectionpool:https://globoesporte.globo.com:443 "GET /futebol/times/sao-paulo/noticia/sao-paulo-pretende-renovar-o-contrato-de-rojas-para-dar-tempo-de-o-atacante-mostrar-servico.ghtml HTTP/1.1" 200 None
DEBUG:root:Crawled 14 links.
DEBUG:urllib3.connectionpool:Starting new HTTPS connection (1): globoesporte.globo.com:443
DEBUG:urllib3.connectionpool:https://globoesporte.globo.com:443 "GET /futebol/times/sao-paulo/noticia/sao-paulo-pretende-renovar-o-contrato-de-rojas-para-dar-tempo-de-o-atacante-mostrar-servico.ghtml HTTP/1.1" 200 None
DEBUG:urllib3.connectionpool:Starting new HTTPS connection (1): globoesporte.globo.com:443
DEBUG:urllib3.connectionpool:https://globoesporte.globo.com:443 "GET /futebol/times/sao-paulo/noticia/sao-paulo-pretende-renovar-o-contrato-de-rojas-para-dar-tempo-de-o-atacante-mostrar-servico.ghtml HTTP/1.1" 200 None
DEBUG:urllib3.connectionpool:Starting new HTTPS connection (1): globoesporte.globo.com:443
DEBUG:urllib3.connectionpool:https://globoesporte.globo.com:443 "GET /futebol/times/sao-paulo/index/feed/pagina-3.ghtml HTTP/1.1" 200 None
DEBUG:urllib3.connectionpool:https://globoesporte.globo.com:443 "GET /futebol/times/sao-paulo/noticia/agora-chines-aloisio-passou-pelo-sao-paulo-com-21-gols-e-voadoras-em-companheiros-e-ate-muricy.ghtml HTTP/1.1" 200 None
DEBUG:root:Crawled 20 links.
DEBUG:urllib3.connectionpool:Starting new HTTPS connection (1): globoesporte.globo.com:443
DEBUG:urllib3.connectionpool:https://globoesporte.globo.com:443 "GET /futebol/times/sao-paulo/noticia/agora-chines-aloisio-passou-pelo-sao-paulo-com-21-gols-e-voadoras-em-companheiros-e-ate-muricy.ghtml HTTP/1.1" 200 None
